<?xml version="1.0" encoding="UTF-8"?>
<!-- Generated by org.testng.reporters.JUnitXMLReporter -->
<testsuite ignored="0" hostname="abdulraheemPC" failures="0" tests="4" name="Default test" time="3.369" errors="0" timestamp="2025-05-07T20:56:15 GMT+03:00">
  <testcase classname="MyPackage.MyTestCases" name="AddNewCustomer" time="0.018"/>
  <testcase classname="MyPackage.MyTestCases" name="UpdateCustomerInfo" time="0.006"/>
  <testcase classname="MyPackage.MyTestCases" name="ReadTheUpdatedData" time="0.408"/>
  <testcase classname="MyPackage.MyTestCases" name="DeleteCustomer" time="0.004"/>
</testsuite> <!-- Default test -->
